<?xml version="1.0" encoding="UTF-8"?>
<coverage generated="1766863208">
  <project timestamp="1766863208">
    <file name="/Users/vpz/Projects/Personal/Repositories/kunfig/src/Config.php">
      <class name="Kunfig\Config" namespace="global">
        <metrics complexity="19" methods="10" coveredmethods="10" conditionals="0" coveredconditionals="0" statements="23" coveredstatements="23" elements="33" coveredelements="33"/>
      </class>
      <line num="45" type="method" name="__construct" visibility="public" complexity="2" crap="2" count="45"/>
      <line num="47" type="stmt" count="45"/>
      <line num="48" type="stmt" count="36"/>
      <line num="58" type="method" name="all" visibility="public" complexity="3" crap="3" count="8"/>
      <line num="60" type="stmt" count="8"/>
      <line num="61" type="stmt" count="8"/>
      <line num="62" type="stmt" count="3"/>
      <line num="63" type="stmt" count="3"/>
      <line num="65" type="stmt" count="3"/>
      <line num="69" type="stmt" count="8"/>
      <line num="77" type="method" name="count" visibility="public" complexity="1" crap="1" count="10"/>
      <line num="79" type="stmt" count="10"/>
      <line num="87" type="method" name="has" visibility="public" complexity="1" crap="1" count="34"/>
      <line num="89" type="stmt" count="34"/>
      <line num="97" type="method" name="get" visibility="public" complexity="2" crap="2" count="29"/>
      <line num="99" type="stmt" count="29"/>
      <line num="110" type="method" name="getIterator" visibility="public" complexity="1" crap="1" count="7"/>
      <line num="112" type="stmt" count="7"/>
      <line num="122" type="method" name="mix" visibility="public" complexity="5" crap="5" count="5"/>
      <line num="124" type="stmt" count="5"/>
      <line num="125" type="stmt" count="4"/>
      <line num="126" type="stmt" count="4"/>
      <line num="127" type="stmt" count="4"/>
      <line num="128" type="stmt" count="4"/>
      <line num="129" type="stmt" count="3"/>
      <line num="131" type="stmt" count="3"/>
      <line num="134" type="stmt" count="4"/>
      <line num="144" type="method" name="set" visibility="public" complexity="2" crap="2" count="38"/>
      <line num="146" type="stmt" count="38"/>
      <line num="154" type="method" name="remove" visibility="public" complexity="1" crap="1" count="5"/>
      <line num="156" type="stmt" count="5"/>
      <line num="169" type="method" name="__set_state" visibility="public" complexity="1" crap="1" count="3"/>
      <line num="171" type="stmt" count="3"/>
      <metrics loc="176" ncloc="88" classes="1" methods="10" coveredmethods="10" conditionals="0" coveredconditionals="0" statements="23" coveredstatements="23" elements="33" coveredelements="33"/>
    </file>
    <file name="/Users/vpz/Projects/Personal/Repositories/kunfig/src/ConfigInterface.php">
      <metrics loc="85" ncloc="22" classes="0" methods="0" coveredmethods="0" conditionals="0" coveredconditionals="0" statements="0" coveredstatements="0" elements="0" coveredelements="0"/>
    </file>
    <file name="/Users/vpz/Projects/Personal/Repositories/kunfig/src/ConfigTrait.php">
      <class name="Kunfig\ConfigTrait" namespace="global">
        <metrics complexity="12" methods="8" coveredmethods="8" conditionals="0" coveredconditionals="0" statements="10" coveredstatements="10" elements="18" coveredelements="18"/>
      </class>
      <line num="39" type="method" name="offsetExists" visibility="public" complexity="2" crap="2" count="2"/>
      <line num="41" type="stmt" count="2"/>
      <line num="52" type="method" name="offsetGet" visibility="public" complexity="2" crap="2" count="6"/>
      <line num="54" type="stmt" count="6"/>
      <line num="65" type="method" name="offsetSet" visibility="public" complexity="2" crap="2" count="3"/>
      <line num="67" type="stmt" count="3"/>
      <line num="68" type="stmt" count="1"/>
      <line num="79" type="method" name="offsetUnset" visibility="public" complexity="2" crap="2" count="2"/>
      <line num="81" type="stmt" count="2"/>
      <line num="82" type="stmt" count="1"/>
      <line num="99" type="method" name="__get" visibility="public" complexity="1" crap="1" count="10"/>
      <line num="101" type="stmt" count="10"/>
      <line num="113" type="method" name="__isset" visibility="public" complexity="1" crap="1" count="1"/>
      <line num="115" type="stmt" count="1"/>
      <line num="127" type="method" name="__set" visibility="public" complexity="1" crap="1" count="2"/>
      <line num="129" type="stmt" count="2"/>
      <line num="140" type="method" name="__unset" visibility="public" complexity="1" crap="1" count="1"/>
      <line num="142" type="stmt" count="1"/>
      <metrics loc="147" ncloc="58" classes="1" methods="8" coveredmethods="8" conditionals="0" coveredconditionals="0" statements="10" coveredstatements="10" elements="18" coveredelements="18"/>
    </file>
    <metrics files="3" loc="408" ncloc="168" classes="2" methods="18" coveredmethods="18" conditionals="0" coveredconditionals="0" statements="33" coveredstatements="33" elements="51" coveredelements="51"/>
  </project>
</coverage>
